{"/Users/riad/Documents/codingPractice/text-analyzer/controllers/textAnalysisController.js": {"path":"/Users/riad/Documents/codingPractice/text-analyzer/controllers/textAnalysisController.js","statementMap":{"0":{"start":{"line":1,"column":18},"end":{"line":1,"column":48}},"1":{"start":{"line":2,"column":15},"end":{"line":2,"column":41}},"2":{"start":{"line":5,"column":18},"end":{"line":5,"column":78}},"3":{"start":{"line":5,"column":28},"end":{"line":5,"column":78}},"4":{"start":{"line":7,"column":0},"end":{"line":24,"column":2}},"5":{"start":{"line":8,"column":19},"end":{"line":8,"column":29}},"6":{"start":{"line":9,"column":4},"end":{"line":23,"column":5}},"7":{"start":{"line":10,"column":8},"end":{"line":10,"column":80}},"8":{"start":{"line":11,"column":21},"end":{"line":11,"column":52}},"9":{"start":{"line":12,"column":8},"end":{"line":15,"column":9}},"10":{"start":{"line":13,"column":12},"end":{"line":13,"column":70}},"11":{"start":{"line":14,"column":12},"end":{"line":14,"column":69}},"12":{"start":{"line":17,"column":26},"end":{"line":17,"column":85}},"13":{"start":{"line":18,"column":8},"end":{"line":18,"column":87}},"14":{"start":{"line":19,"column":8},"end":{"line":19,"column":32}},"15":{"start":{"line":21,"column":8},"end":{"line":21,"column":104}},"16":{"start":{"line":22,"column":8},"end":{"line":22,"column":78}},"17":{"start":{"line":26,"column":0},"end":{"line":43,"column":2}},"18":{"start":{"line":27,"column":19},"end":{"line":27,"column":29}},"19":{"start":{"line":28,"column":4},"end":{"line":42,"column":5}},"20":{"start":{"line":29,"column":8},"end":{"line":29,"column":90}},"21":{"start":{"line":30,"column":21},"end":{"line":30,"column":52}},"22":{"start":{"line":31,"column":8},"end":{"line":34,"column":9}},"23":{"start":{"line":32,"column":12},"end":{"line":32,"column":75}},"24":{"start":{"line":33,"column":12},"end":{"line":33,"column":69}},"25":{"start":{"line":36,"column":31},"end":{"line":36,"column":81}},"26":{"start":{"line":37,"column":8},"end":{"line":37,"column":102}},"27":{"start":{"line":38,"column":8},"end":{"line":38,"column":37}},"28":{"start":{"line":40,"column":8},"end":{"line":40,"column":114}},"29":{"start":{"line":41,"column":8},"end":{"line":41,"column":78}},"30":{"start":{"line":45,"column":0},"end":{"line":62,"column":2}},"31":{"start":{"line":46,"column":19},"end":{"line":46,"column":29}},"32":{"start":{"line":47,"column":4},"end":{"line":61,"column":5}},"33":{"start":{"line":48,"column":8},"end":{"line":48,"column":88}},"34":{"start":{"line":49,"column":21},"end":{"line":49,"column":52}},"35":{"start":{"line":50,"column":8},"end":{"line":53,"column":9}},"36":{"start":{"line":51,"column":12},"end":{"line":51,"column":74}},"37":{"start":{"line":52,"column":12},"end":{"line":52,"column":69}},"38":{"start":{"line":55,"column":30},"end":{"line":55,"column":92}},"39":{"start":{"line":56,"column":8},"end":{"line":56,"column":99}},"40":{"start":{"line":57,"column":8},"end":{"line":57,"column":36}},"41":{"start":{"line":59,"column":8},"end":{"line":59,"column":112}},"42":{"start":{"line":60,"column":8},"end":{"line":60,"column":78}},"43":{"start":{"line":64,"column":0},"end":{"line":81,"column":2}},"44":{"start":{"line":65,"column":19},"end":{"line":65,"column":29}},"45":{"start":{"line":66,"column":4},"end":{"line":80,"column":5}},"46":{"start":{"line":67,"column":8},"end":{"line":67,"column":90}},"47":{"start":{"line":68,"column":21},"end":{"line":68,"column":52}},"48":{"start":{"line":69,"column":8},"end":{"line":72,"column":9}},"49":{"start":{"line":70,"column":12},"end":{"line":70,"column":75}},"50":{"start":{"line":71,"column":12},"end":{"line":71,"column":69}},"51":{"start":{"line":74,"column":31},"end":{"line":74,"column":79}},"52":{"start":{"line":75,"column":8},"end":{"line":75,"column":102}},"53":{"start":{"line":76,"column":8},"end":{"line":76,"column":37}},"54":{"start":{"line":78,"column":8},"end":{"line":78,"column":114}},"55":{"start":{"line":79,"column":8},"end":{"line":79,"column":78}},"56":{"start":{"line":83,"column":0},"end":{"line":101,"column":2}},"57":{"start":{"line":84,"column":19},"end":{"line":84,"column":29}},"58":{"start":{"line":85,"column":4},"end":{"line":100,"column":5}},"59":{"start":{"line":86,"column":8},"end":{"line":86,"column":84}},"60":{"start":{"line":87,"column":21},"end":{"line":87,"column":52}},"61":{"start":{"line":88,"column":8},"end":{"line":91,"column":9}},"62":{"start":{"line":89,"column":12},"end":{"line":89,"column":72}},"63":{"start":{"line":90,"column":12},"end":{"line":90,"column":69}},"64":{"start":{"line":93,"column":22},"end":{"line":93,"column":58}},"65":{"start":{"line":94,"column":28},"end":{"line":94,"column":110}},"66":{"start":{"line":94,"column":60},"end":{"line":94,"column":105}},"67":{"start":{"line":95,"column":8},"end":{"line":95,"column":95}},"68":{"start":{"line":96,"column":8},"end":{"line":96,"column":34}},"69":{"start":{"line":98,"column":8},"end":{"line":98,"column":108}},"70":{"start":{"line":99,"column":8},"end":{"line":99,"column":78}},"71":{"start":{"line":103,"column":0},"end":{"line":116,"column":2}},"72":{"start":{"line":104,"column":4},"end":{"line":115,"column":5}},"73":{"start":{"line":105,"column":8},"end":{"line":105,"column":82}},"74":{"start":{"line":106,"column":22},"end":{"line":106,"column":51}},"75":{"start":{"line":107,"column":31},"end":{"line":109,"column":13}},"76":{"start":{"line":108,"column":12},"end":{"line":108,"column":87}},"77":{"start":{"line":110,"column":8},"end":{"line":110,"column":94}},"78":{"start":{"line":111,"column":8},"end":{"line":111,"column":37}},"79":{"start":{"line":113,"column":8},"end":{"line":113,"column":92}},"80":{"start":{"line":114,"column":8},"end":{"line":114,"column":78}},"81":{"start":{"line":118,"column":0},"end":{"line":131,"column":2}},"82":{"start":{"line":119,"column":4},"end":{"line":130,"column":5}},"83":{"start":{"line":120,"column":8},"end":{"line":120,"column":92}},"84":{"start":{"line":121,"column":22},"end":{"line":121,"column":51}},"85":{"start":{"line":122,"column":36},"end":{"line":124,"column":13}},"86":{"start":{"line":123,"column":12},"end":{"line":123,"column":78}},"87":{"start":{"line":125,"column":8},"end":{"line":125,"column":109}},"88":{"start":{"line":126,"column":8},"end":{"line":126,"column":42}},"89":{"start":{"line":128,"column":8},"end":{"line":128,"column":102}},"90":{"start":{"line":129,"column":8},"end":{"line":129,"column":78}}},"fnMap":{"0":{"name":"(anonymous_0)","decl":{"start":{"line":5,"column":18},"end":{"line":5,"column":19}},"loc":{"start":{"line":5,"column":28},"end":{"line":5,"column":78}},"line":5},"1":{"name":"(anonymous_1)","decl":{"start":{"line":7,"column":23},"end":{"line":7,"column":24}},"loc":{"start":{"line":7,"column":43},"end":{"line":24,"column":1}},"line":7},"2":{"name":"(anonymous_2)","decl":{"start":{"line":26,"column":28},"end":{"line":26,"column":29}},"loc":{"start":{"line":26,"column":48},"end":{"line":43,"column":1}},"line":26},"3":{"name":"(anonymous_3)","decl":{"start":{"line":45,"column":27},"end":{"line":45,"column":28}},"loc":{"start":{"line":45,"column":47},"end":{"line":62,"column":1}},"line":45},"4":{"name":"(anonymous_4)","decl":{"start":{"line":64,"column":28},"end":{"line":64,"column":29}},"loc":{"start":{"line":64,"column":48},"end":{"line":81,"column":1}},"line":64},"5":{"name":"(anonymous_5)","decl":{"start":{"line":83,"column":25},"end":{"line":83,"column":26}},"loc":{"start":{"line":83,"column":45},"end":{"line":101,"column":1}},"line":83},"6":{"name":"(anonymous_6)","decl":{"start":{"line":94,"column":41},"end":{"line":94,"column":42}},"loc":{"start":{"line":94,"column":60},"end":{"line":94,"column":105}},"line":94},"7":{"name":"(anonymous_7)","decl":{"start":{"line":103,"column":28},"end":{"line":103,"column":29}},"loc":{"start":{"line":103,"column":48},"end":{"line":116,"column":1}},"line":103},"8":{"name":"(anonymous_8)","decl":{"start":{"line":107,"column":44},"end":{"line":107,"column":45}},"loc":{"start":{"line":107,"column":61},"end":{"line":109,"column":9}},"line":107},"9":{"name":"(anonymous_9)","decl":{"start":{"line":118,"column":33},"end":{"line":118,"column":34}},"loc":{"start":{"line":118,"column":53},"end":{"line":131,"column":1}},"line":118},"10":{"name":"(anonymous_10)","decl":{"start":{"line":122,"column":49},"end":{"line":122,"column":50}},"loc":{"start":{"line":122,"column":66},"end":{"line":124,"column":9}},"line":122}},"branchMap":{"0":{"loc":{"start":{"line":12,"column":8},"end":{"line":15,"column":9}},"type":"if","locations":[{"start":{"line":12,"column":8},"end":{"line":15,"column":9}},{"start":{},"end":{}}],"line":12},"1":{"loc":{"start":{"line":31,"column":8},"end":{"line":34,"column":9}},"type":"if","locations":[{"start":{"line":31,"column":8},"end":{"line":34,"column":9}},{"start":{},"end":{}}],"line":31},"2":{"loc":{"start":{"line":50,"column":8},"end":{"line":53,"column":9}},"type":"if","locations":[{"start":{"line":50,"column":8},"end":{"line":53,"column":9}},{"start":{},"end":{}}],"line":50},"3":{"loc":{"start":{"line":69,"column":8},"end":{"line":72,"column":9}},"type":"if","locations":[{"start":{"line":69,"column":8},"end":{"line":72,"column":9}},{"start":{},"end":{}}],"line":69},"4":{"loc":{"start":{"line":88,"column":8},"end":{"line":91,"column":9}},"type":"if","locations":[{"start":{"line":88,"column":8},"end":{"line":91,"column":9}},{"start":{},"end":{}}],"line":88},"5":{"loc":{"start":{"line":94,"column":60},"end":{"line":94,"column":105}},"type":"cond-expr","locations":[{"start":{"line":94,"column":91},"end":{"line":94,"column":95}},{"start":{"line":94,"column":98},"end":{"line":94,"column":105}}],"line":94}},"s":{"0":1,"1":1,"2":1,"3":4,"4":1,"5":1,"6":1,"7":1,"8":1,"9":1,"10":0,"11":0,"12":1,"13":1,"14":1,"15":0,"16":0,"17":1,"18":1,"19":1,"20":1,"21":1,"22":1,"23":0,"24":0,"25":1,"26":1,"27":1,"28":0,"29":0,"30":1,"31":1,"32":1,"33":1,"34":1,"35":1,"36":0,"37":0,"38":1,"39":1,"40":1,"41":0,"42":0,"43":1,"44":1,"45":1,"46":1,"47":1,"48":1,"49":0,"50":0,"51":1,"52":1,"53":1,"54":0,"55":0,"56":1,"57":1,"58":1,"59":1,"60":1,"61":1,"62":0,"63":0,"64":1,"65":1,"66":4,"67":1,"68":1,"69":0,"70":0,"71":1,"72":0,"73":0,"74":0,"75":0,"76":0,"77":0,"78":0,"79":0,"80":0,"81":1,"82":0,"83":0,"84":0,"85":0,"86":0,"87":0,"88":0,"89":0,"90":0},"f":{"0":4,"1":1,"2":1,"3":1,"4":1,"5":1,"6":4,"7":0,"8":0,"9":0,"10":0},"b":{"0":[0,1],"1":[0,1],"2":[0,1],"3":[0,1],"4":[0,1],"5":[2,2]},"_coverageSchema":"1a1c01bbd47fc00a2c39e90264f33305004495a9","hash":"ed8fb0ef0689ad54e90801b789e0724628df1ad3"}
,"/Users/riad/Documents/codingPractice/text-analyzer/controllers/textController.js": {"path":"/Users/riad/Documents/codingPractice/text-analyzer/controllers/textController.js","statementMap":{"0":{"start":{"line":1,"column":18},"end":{"line":1,"column":48}},"1":{"start":{"line":2,"column":15},"end":{"line":2,"column":41}},"2":{"start":{"line":4,"column":0},"end":{"line":29,"column":2}},"3":{"start":{"line":5,"column":30},"end":{"line":5,"column":38}},"4":{"start":{"line":6,"column":4},"end":{"line":28,"column":5}},"5":{"start":{"line":7,"column":24},"end":{"line":7,"column":65}},"6":{"start":{"line":10,"column":26},"end":{"line":10,"column":69}},"7":{"start":{"line":11,"column":31},"end":{"line":11,"column":65}},"8":{"start":{"line":12,"column":30},"end":{"line":12,"column":76}},"9":{"start":{"line":13,"column":31},"end":{"line":13,"column":74}},"10":{"start":{"line":14,"column":28},"end":{"line":14,"column":125}},"11":{"start":{"line":14,"column":75},"end":{"line":14,"column":120}},"12":{"start":{"line":17,"column":8},"end":{"line":24,"column":11}},"13":{"start":{"line":26,"column":8},"end":{"line":26,"column":73}},"14":{"start":{"line":27,"column":8},"end":{"line":27,"column":78}},"15":{"start":{"line":31,"column":0},"end":{"line":41,"column":2}},"16":{"start":{"line":32,"column":4},"end":{"line":40,"column":5}},"17":{"start":{"line":33,"column":8},"end":{"line":33,"column":55}},"18":{"start":{"line":34,"column":22},"end":{"line":34,"column":51}},"19":{"start":{"line":35,"column":8},"end":{"line":35,"column":66}},"20":{"start":{"line":36,"column":8},"end":{"line":36,"column":24}},"21":{"start":{"line":38,"column":8},"end":{"line":38,"column":75}},"22":{"start":{"line":39,"column":8},"end":{"line":39,"column":56}},"23":{"start":{"line":43,"column":0},"end":{"line":58,"column":2}},"24":{"start":{"line":44,"column":19},"end":{"line":44,"column":29}},"25":{"start":{"line":45,"column":4},"end":{"line":57,"column":5}},"26":{"start":{"line":46,"column":8},"end":{"line":46,"column":60}},"27":{"start":{"line":47,"column":21},"end":{"line":47,"column":52}},"28":{"start":{"line":48,"column":8},"end":{"line":51,"column":9}},"29":{"start":{"line":49,"column":12},"end":{"line":49,"column":65}},"30":{"start":{"line":50,"column":12},"end":{"line":50,"column":64}},"31":{"start":{"line":52,"column":8},"end":{"line":52,"column":74}},"32":{"start":{"line":53,"column":8},"end":{"line":53,"column":23}},"33":{"start":{"line":55,"column":8},"end":{"line":55,"column":84}},"34":{"start":{"line":56,"column":8},"end":{"line":56,"column":78}},"35":{"start":{"line":60,"column":0},"end":{"line":76,"column":2}},"36":{"start":{"line":61,"column":19},"end":{"line":61,"column":29}},"37":{"start":{"line":62,"column":24},"end":{"line":62,"column":32}},"38":{"start":{"line":63,"column":4},"end":{"line":75,"column":5}},"39":{"start":{"line":64,"column":8},"end":{"line":64,"column":63}},"40":{"start":{"line":65,"column":28},"end":{"line":65,"column":67}},"41":{"start":{"line":66,"column":8},"end":{"line":69,"column":9}},"42":{"start":{"line":67,"column":12},"end":{"line":67,"column":68}},"43":{"start":{"line":68,"column":12},"end":{"line":68,"column":64}},"44":{"start":{"line":70,"column":8},"end":{"line":70,"column":75}},"45":{"start":{"line":71,"column":8},"end":{"line":71,"column":30}},"46":{"start":{"line":73,"column":8},"end":{"line":73,"column":87}},"47":{"start":{"line":74,"column":8},"end":{"line":74,"column":78}},"48":{"start":{"line":78,"column":0},"end":{"line":93,"column":2}},"49":{"start":{"line":79,"column":19},"end":{"line":79,"column":29}},"50":{"start":{"line":80,"column":4},"end":{"line":92,"column":5}},"51":{"start":{"line":81,"column":8},"end":{"line":81,"column":63}},"52":{"start":{"line":82,"column":28},"end":{"line":82,"column":58}},"53":{"start":{"line":83,"column":8},"end":{"line":86,"column":9}},"54":{"start":{"line":84,"column":12},"end":{"line":84,"column":68}},"55":{"start":{"line":85,"column":12},"end":{"line":85,"column":64}},"56":{"start":{"line":87,"column":8},"end":{"line":87,"column":75}},"57":{"start":{"line":88,"column":8},"end":{"line":88,"column":30}},"58":{"start":{"line":90,"column":8},"end":{"line":90,"column":87}},"59":{"start":{"line":91,"column":8},"end":{"line":91,"column":78}}},"fnMap":{"0":{"name":"(anonymous_0)","decl":{"start":{"line":4,"column":21},"end":{"line":4,"column":22}},"loc":{"start":{"line":4,"column":41},"end":{"line":29,"column":1}},"line":4},"1":{"name":"(anonymous_1)","decl":{"start":{"line":14,"column":56},"end":{"line":14,"column":57}},"loc":{"start":{"line":14,"column":75},"end":{"line":14,"column":120}},"line":14},"2":{"name":"(anonymous_2)","decl":{"start":{"line":31,"column":22},"end":{"line":31,"column":23}},"loc":{"start":{"line":31,"column":42},"end":{"line":41,"column":1}},"line":31},"3":{"name":"(anonymous_3)","decl":{"start":{"line":43,"column":18},"end":{"line":43,"column":19}},"loc":{"start":{"line":43,"column":38},"end":{"line":58,"column":1}},"line":43},"4":{"name":"(anonymous_4)","decl":{"start":{"line":60,"column":21},"end":{"line":60,"column":22}},"loc":{"start":{"line":60,"column":41},"end":{"line":76,"column":1}},"line":60},"5":{"name":"(anonymous_5)","decl":{"start":{"line":78,"column":21},"end":{"line":78,"column":22}},"loc":{"start":{"line":78,"column":41},"end":{"line":93,"column":1}},"line":78}},"branchMap":{"0":{"loc":{"start":{"line":14,"column":75},"end":{"line":14,"column":120}},"type":"cond-expr","locations":[{"start":{"line":14,"column":106},"end":{"line":14,"column":110}},{"start":{"line":14,"column":113},"end":{"line":14,"column":120}}],"line":14},"1":{"loc":{"start":{"line":48,"column":8},"end":{"line":51,"column":9}},"type":"if","locations":[{"start":{"line":48,"column":8},"end":{"line":51,"column":9}},{"start":{},"end":{}}],"line":48},"2":{"loc":{"start":{"line":66,"column":8},"end":{"line":69,"column":9}},"type":"if","locations":[{"start":{"line":66,"column":8},"end":{"line":69,"column":9}},{"start":{},"end":{}}],"line":66},"3":{"loc":{"start":{"line":83,"column":8},"end":{"line":86,"column":9}},"type":"if","locations":[{"start":{"line":83,"column":8},"end":{"line":86,"column":9}},{"start":{},"end":{}}],"line":83}},"s":{"0":1,"1":1,"2":1,"3":3,"4":3,"5":3,"6":3,"7":3,"8":3,"9":3,"10":3,"11":4,"12":3,"13":0,"14":0,"15":1,"16":1,"17":1,"18":1,"19":1,"20":1,"21":0,"22":0,"23":1,"24":2,"25":2,"26":2,"27":2,"28":2,"29":1,"30":1,"31":1,"32":1,"33":0,"34":0,"35":1,"36":2,"37":2,"38":2,"39":2,"40":2,"41":2,"42":1,"43":1,"44":1,"45":1,"46":0,"47":0,"48":1,"49":2,"50":2,"51":2,"52":2,"53":2,"54":1,"55":1,"56":1,"57":1,"58":0,"59":0},"f":{"0":3,"1":4,"2":1,"3":2,"4":2,"5":2},"b":{"0":[3,1],"1":[1,1],"2":[1,1],"3":[1,1]},"_coverageSchema":"1a1c01bbd47fc00a2c39e90264f33305004495a9","hash":"85d0aa967163c16644a26dc8b34ffaebe41a13e8"}
,"/Users/riad/Documents/codingPractice/text-analyzer/db/db.js": {"path":"/Users/riad/Documents/codingPractice/text-analyzer/db/db.js","statementMap":{"0":{"start":{"line":1,"column":17},"end":{"line":1,"column":30}},"1":{"start":{"line":2,"column":15},"end":{"line":2,"column":32}},"2":{"start":{"line":5,"column":0},"end":{"line":5,"column":16}},"3":{"start":{"line":8,"column":13},"end":{"line":14,"column":2}},"4":{"start":{"line":17,"column":0},"end":{"line":17,"column":22}}},"fnMap":{},"branchMap":{},"s":{"0":3,"1":3,"2":3,"3":3,"4":3},"f":{},"b":{},"_coverageSchema":"1a1c01bbd47fc00a2c39e90264f33305004495a9","hash":"e99c73fb0983979482b91b1d3a4d7f083d8306d9"}
,"/Users/riad/Documents/codingPractice/text-analyzer/models/textModel.js": {"path":"/Users/riad/Documents/codingPractice/text-analyzer/models/textModel.js","statementMap":{"0":{"start":{"line":1,"column":13},"end":{"line":1,"column":32}},"1":{"start":{"line":2,"column":15},"end":{"line":2,"column":41}},"2":{"start":{"line":4,"column":0},"end":{"line":29,"column":2}},"3":{"start":{"line":5,"column":4},"end":{"line":28,"column":5}},"4":{"start":{"line":7,"column":8},"end":{"line":10,"column":9}},"5":{"start":{"line":8,"column":12},"end":{"line":8,"column":77}},"6":{"start":{"line":9,"column":12},"end":{"line":9,"column":61}},"7":{"start":{"line":13,"column":8},"end":{"line":16,"column":9}},"8":{"start":{"line":14,"column":12},"end":{"line":14,"column":75}},"9":{"start":{"line":15,"column":12},"end":{"line":15,"column":51}},"10":{"start":{"line":18,"column":8},"end":{"line":18,"column":77}},"11":{"start":{"line":19,"column":23},"end":{"line":22,"column":9}},"12":{"start":{"line":23,"column":8},"end":{"line":23,"column":86}},"13":{"start":{"line":24,"column":8},"end":{"line":24,"column":30}},"14":{"start":{"line":26,"column":8},"end":{"line":26,"column":78}},"15":{"start":{"line":27,"column":8},"end":{"line":27,"column":18}},"16":{"start":{"line":31,"column":0},"end":{"line":41,"column":2}},"17":{"start":{"line":32,"column":4},"end":{"line":40,"column":5}},"18":{"start":{"line":33,"column":8},"end":{"line":33,"column":78}},"19":{"start":{"line":34,"column":23},"end":{"line":34,"column":62}},"20":{"start":{"line":35,"column":8},"end":{"line":35,"column":77}},"21":{"start":{"line":36,"column":8},"end":{"line":36,"column":27}},"22":{"start":{"line":38,"column":8},"end":{"line":38,"column":80}},"23":{"start":{"line":39,"column":8},"end":{"line":39,"column":18}},"24":{"start":{"line":43,"column":0},"end":{"line":57,"column":2}},"25":{"start":{"line":44,"column":4},"end":{"line":56,"column":5}},"26":{"start":{"line":45,"column":8},"end":{"line":45,"column":69}},"27":{"start":{"line":46,"column":23},"end":{"line":46,"column":82}},"28":{"start":{"line":47,"column":8},"end":{"line":50,"column":9}},"29":{"start":{"line":48,"column":12},"end":{"line":48,"column":74}},"30":{"start":{"line":49,"column":12},"end":{"line":49,"column":24}},"31":{"start":{"line":51,"column":8},"end":{"line":51,"column":83}},"32":{"start":{"line":52,"column":8},"end":{"line":52,"column":30}},"33":{"start":{"line":54,"column":8},"end":{"line":54,"column":93}},"34":{"start":{"line":55,"column":8},"end":{"line":55,"column":18}},"35":{"start":{"line":59,"column":0},"end":{"line":76,"column":2}},"36":{"start":{"line":60,"column":4},"end":{"line":75,"column":5}},"37":{"start":{"line":61,"column":8},"end":{"line":61,"column":68}},"38":{"start":{"line":62,"column":23},"end":{"line":65,"column":9}},"39":{"start":{"line":66,"column":8},"end":{"line":69,"column":9}},"40":{"start":{"line":67,"column":12},"end":{"line":67,"column":73}},"41":{"start":{"line":68,"column":12},"end":{"line":68,"column":24}},"42":{"start":{"line":70,"column":8},"end":{"line":70,"column":80}},"43":{"start":{"line":71,"column":8},"end":{"line":71,"column":30}},"44":{"start":{"line":73,"column":8},"end":{"line":73,"column":92}},"45":{"start":{"line":74,"column":8},"end":{"line":74,"column":18}},"46":{"start":{"line":78,"column":0},"end":{"line":95,"column":2}},"47":{"start":{"line":79,"column":4},"end":{"line":94,"column":5}},"48":{"start":{"line":80,"column":8},"end":{"line":80,"column":68}},"49":{"start":{"line":81,"column":23},"end":{"line":84,"column":9}},"50":{"start":{"line":85,"column":8},"end":{"line":88,"column":9}},"51":{"start":{"line":86,"column":12},"end":{"line":86,"column":73}},"52":{"start":{"line":87,"column":12},"end":{"line":87,"column":24}},"53":{"start":{"line":89,"column":8},"end":{"line":89,"column":80}},"54":{"start":{"line":90,"column":8},"end":{"line":90,"column":30}},"55":{"start":{"line":92,"column":8},"end":{"line":92,"column":92}},"56":{"start":{"line":93,"column":8},"end":{"line":93,"column":18}}},"fnMap":{"0":{"name":"(anonymous_0)","decl":{"start":{"line":4,"column":21},"end":{"line":4,"column":22}},"loc":{"start":{"line":4,"column":46},"end":{"line":29,"column":1}},"line":4},"1":{"name":"(anonymous_1)","decl":{"start":{"line":31,"column":22},"end":{"line":31,"column":23}},"loc":{"start":{"line":31,"column":34},"end":{"line":41,"column":1}},"line":31},"2":{"name":"(anonymous_2)","decl":{"start":{"line":43,"column":22},"end":{"line":43,"column":23}},"loc":{"start":{"line":43,"column":36},"end":{"line":57,"column":1}},"line":43},"3":{"name":"(anonymous_3)","decl":{"start":{"line":59,"column":21},"end":{"line":59,"column":22}},"loc":{"start":{"line":59,"column":44},"end":{"line":76,"column":1}},"line":59},"4":{"name":"(anonymous_4)","decl":{"start":{"line":78,"column":21},"end":{"line":78,"column":22}},"loc":{"start":{"line":78,"column":35},"end":{"line":95,"column":1}},"line":78}},"branchMap":{"0":{"loc":{"start":{"line":7,"column":8},"end":{"line":10,"column":9}},"type":"if","locations":[{"start":{"line":7,"column":8},"end":{"line":10,"column":9}},{"start":{},"end":{}}],"line":7},"1":{"loc":{"start":{"line":7,"column":12},"end":{"line":7,"column":29}},"type":"binary-expr","locations":[{"start":{"line":7,"column":12},"end":{"line":7,"column":20}},{"start":{"line":7,"column":24},"end":{"line":7,"column":29}}],"line":7},"2":{"loc":{"start":{"line":13,"column":8},"end":{"line":16,"column":9}},"type":"if","locations":[{"start":{"line":13,"column":8},"end":{"line":16,"column":9}},{"start":{},"end":{}}],"line":13},"3":{"loc":{"start":{"line":47,"column":8},"end":{"line":50,"column":9}},"type":"if","locations":[{"start":{"line":47,"column":8},"end":{"line":50,"column":9}},{"start":{},"end":{}}],"line":47},"4":{"loc":{"start":{"line":66,"column":8},"end":{"line":69,"column":9}},"type":"if","locations":[{"start":{"line":66,"column":8},"end":{"line":69,"column":9}},{"start":{},"end":{}}],"line":66},"5":{"loc":{"start":{"line":85,"column":8},"end":{"line":88,"column":9}},"type":"if","locations":[{"start":{"line":85,"column":8},"end":{"line":88,"column":9}},{"start":{},"end":{}}],"line":85}},"s":{"0":3,"1":3,"2":3,"3":1,"4":1,"5":0,"6":0,"7":1,"8":0,"9":0,"10":1,"11":1,"12":1,"13":1,"14":0,"15":0,"16":3,"17":1,"18":1,"19":1,"20":1,"21":1,"22":0,"23":0,"24":3,"25":0,"26":0,"27":0,"28":0,"29":0,"30":0,"31":0,"32":0,"33":0,"34":0,"35":3,"36":0,"37":0,"38":0,"39":0,"40":0,"41":0,"42":0,"43":0,"44":0,"45":0,"46":3,"47":0,"48":0,"49":0,"50":0,"51":0,"52":0,"53":0,"54":0,"55":0,"56":0},"f":{"0":1,"1":1,"2":0,"3":0,"4":0},"b":{"0":[0,1],"1":[1,1],"2":[0,1],"3":[0,0],"4":[0,0],"5":[0,0]},"_coverageSchema":"1a1c01bbd47fc00a2c39e90264f33305004495a9","hash":"ebb9e2ae8432d762924d6b54f0679bdf5391d72a"}
,"/Users/riad/Documents/codingPractice/text-analyzer/utils/logger.js": {"path":"/Users/riad/Documents/codingPractice/text-analyzer/utils/logger.js","statementMap":{"0":{"start":{"line":1,"column":45},"end":{"line":1,"column":63}},"1":{"start":{"line":2,"column":24},"end":{"line":2,"column":60}},"2":{"start":{"line":4,"column":15},"end":{"line":19,"column":2}},"3":{"start":{"line":21,"column":0},"end":{"line":21,"column":24}}},"fnMap":{},"branchMap":{},"s":{"0":5,"1":5,"2":5,"3":5},"f":{},"b":{},"_coverageSchema":"1a1c01bbd47fc00a2c39e90264f33305004495a9","hash":"74c43973ab5d28729b2c073a55516ad2e12ae69e"}
}
