TN:
SF:controllers/textAnalysisController.js
FN:5,(anonymous_0)
FN:7,(anonymous_1)
FN:26,(anonymous_2)
FN:45,(anonymous_3)
FN:64,(anonymous_4)
FN:83,(anonymous_5)
FN:94,(anonymous_6)
FN:103,(anonymous_7)
FN:107,(anonymous_8)
FN:118,(anonymous_9)
FN:122,(anonymous_10)
FNF:11
FNH:7
FNDA:4,(anonymous_0)
FNDA:1,(anonymous_1)
FNDA:1,(anonymous_2)
FNDA:1,(anonymous_3)
FNDA:1,(anonymous_4)
FNDA:1,(anonymous_5)
FNDA:4,(anonymous_6)
FNDA:0,(anonymous_7)
FNDA:0,(anonymous_8)
FNDA:0,(anonymous_9)
FNDA:0,(anonymous_10)
DA:1,1
DA:2,1
DA:5,4
DA:7,1
DA:8,1
DA:9,1
DA:10,1
DA:11,1
DA:12,1
DA:13,0
DA:14,0
DA:17,1
DA:18,1
DA:19,1
DA:21,0
DA:22,0
DA:26,1
DA:27,1
DA:28,1
DA:29,1
DA:30,1
DA:31,1
DA:32,0
DA:33,0
DA:36,1
DA:37,1
DA:38,1
DA:40,0
DA:41,0
DA:45,1
DA:46,1
DA:47,1
DA:48,1
DA:49,1
DA:50,1
DA:51,0
DA:52,0
DA:55,1
DA:56,1
DA:57,1
DA:59,0
DA:60,0
DA:64,1
DA:65,1
DA:66,1
DA:67,1
DA:68,1
DA:69,1
DA:70,0
DA:71,0
DA:74,1
DA:75,1
DA:76,1
DA:78,0
DA:79,0
DA:83,1
DA:84,1
DA:85,1
DA:86,1
DA:87,1
DA:88,1
DA:89,0
DA:90,0
DA:93,1
DA:94,4
DA:95,1
DA:96,1
DA:98,0
DA:99,0
DA:103,1
DA:104,0
DA:105,0
DA:106,0
DA:107,0
DA:108,0
DA:110,0
DA:111,0
DA:113,0
DA:114,0
DA:118,1
DA:119,0
DA:120,0
DA:121,0
DA:122,0
DA:123,0
DA:125,0
DA:126,0
DA:128,0
DA:129,0
LF:89
LH:51
BRDA:12,0,0,0
BRDA:12,0,1,1
BRDA:31,1,0,0
BRDA:31,1,1,1
BRDA:50,2,0,0
BRDA:50,2,1,1
BRDA:69,3,0,0
BRDA:69,3,1,1
BRDA:88,4,0,0
BRDA:88,4,1,1
BRDA:94,5,0,2
BRDA:94,5,1,2
BRF:12
BRH:7
end_of_record
TN:
SF:controllers/textController.js
FN:4,(anonymous_0)
FN:14,(anonymous_1)
FN:31,(anonymous_2)
FN:43,(anonymous_3)
FN:60,(anonymous_4)
FN:78,(anonymous_5)
FNF:6
FNH:6
FNDA:3,(anonymous_0)
FNDA:4,(anonymous_1)
FNDA:1,(anonymous_2)
FNDA:2,(anonymous_3)
FNDA:2,(anonymous_4)
FNDA:2,(anonymous_5)
DA:1,1
DA:2,1
DA:4,1
DA:5,3
DA:6,3
DA:7,3
DA:10,3
DA:11,3
DA:12,3
DA:13,3
DA:14,4
DA:17,3
DA:26,0
DA:27,0
DA:31,1
DA:32,1
DA:33,1
DA:34,1
DA:35,1
DA:36,1
DA:38,0
DA:39,0
DA:43,1
DA:44,2
DA:45,2
DA:46,2
DA:47,2
DA:48,2
DA:49,1
DA:50,1
DA:52,1
DA:53,1
DA:55,0
DA:56,0
DA:60,1
DA:61,2
DA:62,2
DA:63,2
DA:64,2
DA:65,2
DA:66,2
DA:67,1
DA:68,1
DA:70,1
DA:71,1
DA:73,0
DA:74,0
DA:78,1
DA:79,2
DA:80,2
DA:81,2
DA:82,2
DA:83,2
DA:84,1
DA:85,1
DA:87,1
DA:88,1
DA:90,0
DA:91,0
LF:59
LH:49
BRDA:14,0,0,3
BRDA:14,0,1,1
BRDA:48,1,0,1
BRDA:48,1,1,1
BRDA:66,2,0,1
BRDA:66,2,1,1
BRDA:83,3,0,1
BRDA:83,3,1,1
BRF:8
BRH:8
end_of_record
TN:
SF:db/db.js
FNF:0
FNH:0
DA:1,3
DA:2,3
DA:5,3
DA:8,3
DA:17,3
LF:5
LH:5
BRF:0
BRH:0
end_of_record
TN:
SF:models/textModel.js
FN:4,(anonymous_0)
FN:31,(anonymous_1)
FN:43,(anonymous_2)
FN:59,(anonymous_3)
FN:78,(anonymous_4)
FNF:5
FNH:2
FNDA:1,(anonymous_0)
FNDA:1,(anonymous_1)
FNDA:0,(anonymous_2)
FNDA:0,(anonymous_3)
FNDA:0,(anonymous_4)
DA:1,3
DA:2,3
DA:4,3
DA:5,1
DA:7,1
DA:8,0
DA:9,0
DA:13,1
DA:14,0
DA:15,0
DA:18,1
DA:19,1
DA:23,1
DA:24,1
DA:26,0
DA:27,0
DA:31,3
DA:32,1
DA:33,1
DA:34,1
DA:35,1
DA:36,1
DA:38,0
DA:39,0
DA:43,3
DA:44,0
DA:45,0
DA:46,0
DA:47,0
DA:48,0
DA:49,0
DA:51,0
DA:52,0
DA:54,0
DA:55,0
DA:59,3
DA:60,0
DA:61,0
DA:62,0
DA:66,0
DA:67,0
DA:68,0
DA:70,0
DA:71,0
DA:73,0
DA:74,0
DA:78,3
DA:79,0
DA:80,0
DA:81,0
DA:85,0
DA:86,0
DA:87,0
DA:89,0
DA:90,0
DA:92,0
DA:93,0
LF:57
LH:19
BRDA:7,0,0,0
BRDA:7,0,1,1
BRDA:7,1,0,1
BRDA:7,1,1,1
BRDA:13,2,0,0
BRDA:13,2,1,1
BRDA:47,3,0,0
BRDA:47,3,1,0
BRDA:66,4,0,0
BRDA:66,4,1,0
BRDA:85,5,0,0
BRDA:85,5,1,0
BRF:12
BRH:4
end_of_record
TN:
SF:utils/logger.js
FNF:0
FNH:0
DA:1,5
DA:2,5
DA:4,5
DA:21,5
LF:4
LH:4
BRF:0
BRH:0
end_of_record
